2020-07-18 22:28:52,260 INFO spring.ProjectApplication [main] Starting ProjectApplication on doc with PID 11352 (C:\Users\doc\Desktop\project\target\classes started by doc in C:\Users\doc\Desktop\project)
2020-07-18 22:28:52,262 INFO spring.ProjectApplication [main] No active profile set, falling back to default profiles: default
2020-07-18 22:28:53,067 INFO org.springframework.data.repository.config.RepositoryConfigurationDelegate [main] Bootstrapping Spring Data JPA repositories in DEFERRED mode.
2020-07-18 22:28:53,193 INFO org.springframework.data.repository.config.RepositoryConfigurationDelegate [main] Finished Spring Data repository scanning in 120ms. Found 20 JPA repository interfaces.
2020-07-18 22:28:53,411 INFO org.springframework.context.support.PostProcessorRegistrationDelegate$BeanPostProcessorChecker [main] Bean 'org.springframework.security.access.expression.method.DefaultMethodSecurityExpressionHandler@1fba386c' of type [org.springframework.security.access.expression.method.DefaultMethodSecurityExpressionHandler] is not eligible for getting processed by all BeanPostProcessors (for example: not eligible for auto-proxying)
2020-07-18 22:28:53,415 INFO org.springframework.context.support.PostProcessorRegistrationDelegate$BeanPostProcessorChecker [main] Bean 'methodSecurityMetadataSource' of type [org.springframework.security.access.method.DelegatingMethodSecurityMetadataSource] is not eligible for getting processed by all BeanPostProcessors (for example: not eligible for auto-proxying)
2020-07-18 22:28:53,588 INFO org.springframework.boot.web.embedded.tomcat.TomcatWebServer [main] Tomcat initialized with port(s): 8086 (http)
2020-07-18 22:28:53,593 INFO org.apache.catalina.core.StandardService [main] Starting service [Tomcat]
2020-07-18 22:28:53,594 INFO org.apache.catalina.core.StandardEngine [main] Starting Servlet engine: [Apache Tomcat/9.0.35]
2020-07-18 22:28:53,860 INFO org.apache.jasper.servlet.TldScanner [main] At least one JAR was scanned for TLDs yet contained no TLDs. Enable debug logging for this logger for a complete list of JARs that were scanned but no TLDs were found in them. Skipping unneeded JARs during scanning can improve startup time and JSP compilation time.
2020-07-18 22:28:53,869 INFO org.apache.catalina.core.ContainerBase.[Tomcat].[localhost].[/] [main] Initializing Spring embedded WebApplicationContext
2020-07-18 22:28:53,870 INFO org.springframework.web.context.ContextLoader [main] Root WebApplicationContext: initialization completed in 1568 ms
2020-07-18 22:28:53,979 INFO org.springframework.scheduling.concurrent.ThreadPoolTaskExecutor [main] Initializing ExecutorService 'applicationTaskExecutor'
2020-07-18 22:28:54,014 INFO org.hibernate.jpa.internal.util.LogHelper [task-1] HHH000204: Processing PersistenceUnitInfo [name: default]
2020-07-18 22:28:54,038 WARN org.springframework.boot.autoconfigure.orm.jpa.JpaBaseConfiguration$JpaWebConfiguration [main] spring.jpa.open-in-view is enabled by default. Therefore, database queries may be performed during view rendering. Explicitly configure spring.jpa.open-in-view to disable this warning
2020-07-18 22:28:54,048 INFO org.hibernate.Version [task-1] HHH000412: Hibernate ORM core version 5.4.15.Final
2020-07-18 22:28:54,135 INFO org.hibernate.annotations.common.Version [task-1] HCANN000001: Hibernate Commons Annotations {5.1.0.Final}
2020-07-18 22:28:54,250 INFO com.zaxxer.hikari.HikariDataSource [task-1] HikariPool-1 - Starting...
2020-07-18 22:28:54,298 INFO org.springframework.security.web.DefaultSecurityFilterChain [main] Creating filter chain: any request, [org.springframework.security.web.context.request.async.WebAsyncManagerIntegrationFilter@32091c14, org.springframework.security.web.context.SecurityContextPersistenceFilter@d13baac, org.springframework.security.web.header.HeaderWriterFilter@602f8f94, org.springframework.security.web.authentication.logout.LogoutFilter@52454457, org.springframework.security.web.authentication.UsernamePasswordAuthenticationFilter@23ad71bf, org.springframework.security.web.savedrequest.RequestCacheAwareFilter@75aea2ba, org.springframework.security.web.servletapi.SecurityContextHolderAwareRequestFilter@162c1dfb, org.springframework.security.web.authentication.AnonymousAuthenticationFilter@7c40ffef, org.springframework.security.web.session.SessionManagementFilter@4dfe8b37, org.springframework.security.web.access.ExceptionTranslationFilter@3bc69ce9, org.springframework.security.web.access.intercept.FilterSecurityInterceptor@40d52be7]
2020-07-18 22:28:54,370 INFO com.zaxxer.hikari.HikariDataSource [task-1] HikariPool-1 - Start completed.
2020-07-18 22:28:54,390 INFO org.hibernate.dialect.Dialect [task-1] HHH000400: Using dialect: org.hibernate.dialect.MySQL55Dialect
2020-07-18 22:28:55,292 INFO org.hibernate.engine.transaction.jta.platform.internal.JtaPlatformInitiator [task-1] HHH000490: Using JtaPlatform implementation: [org.hibernate.engine.transaction.jta.platform.internal.NoJtaPlatform]
2020-07-18 22:28:55,297 INFO org.springframework.orm.jpa.LocalContainerEntityManagerFactoryBean [task-1] Initialized JPA EntityManagerFactory for persistence unit 'default'
2020-07-18 22:28:55,974 INFO org.springframework.boot.web.embedded.tomcat.TomcatWebServer [main] Tomcat started on port(s): 8086 (http) with context path ''
2020-07-18 22:28:55,975 INFO org.springframework.data.repository.config.DeferredRepositoryInitializationListener [main] Triggering deferred initialization of Spring Data repositories…
2020-07-18 22:28:56,323 INFO org.springframework.data.repository.config.DeferredRepositoryInitializationListener [main] Spring Data repositories initialized!
2020-07-18 22:28:56,332 INFO spring.ProjectApplication [main] Started ProjectApplication in 4.4 seconds (JVM running for 5.21)
